Bitcoin Price: $59,326.63
Bitcoin Price: $59,326.63
Bitcoin Price: $59,326.63
Bitcoin Price: $59,361.69
Bitcoin Price: $59,361.69
Bitcoin Price: $59,349.97
Bitcoin Price: $59,349.97
Bitcoin Price: $59,349.97
Bitcoin Price: $59,355.52
Bitcoin Price: $59,355.52
Bitcoin Price: $59,355.52
Bitcoin Price: $59,304.32
Bitcoin Price: $59,244.49
Bitcoin Price: $59,236.16
Bitcoin Price: $59,272.76
Bitcoin Price: $59,305.00
Bitcoin Price: $59,312.77
Bitcoin Price: $59,289.02
Bitcoin Price: $59,335.28
Bitcoin Price: $59,351.63
Bitcoin Price: $59395.46
Bitcoin Price: $59395.46
Bitcoin Price: $59373.61
Bitcoin Price: $59384.56
Bitcoin Price: $59384.56
Bitcoin Price: $$59395.63
Bitcoin Price: $$59395.63
Bitcoin Price: $$59395.63
Bitcoin Price: $$59466.32
Bitcoin Price: 
Bitcoin Price: 
Bitcoin Price: 
Bitcoin Price: 
Bitcoin Price: 
Bitcoin Price: 
Bitcoin Price: $59503.29
Bitcoin Price: 59518.96
Bitcoin Price: 59518.96
Bitcoin Price: 59518.96
Bitcoin Price: 59524.14
Bitcoin Price: 59524.14
Bitcoin Price: 59524.14
Bitcoin Price: 59504.00
Bitcoin Price: 59413.26
Bitcoin Price: 59376.98
Bitcoin Price: 59411.34
Bitcoin Price: 59411.34
Bitcoin Price: 59344.83
Bitcoin Price: 59344.83
Bitcoin Price: 59376.91
Bitcoin Price: 59376.91
Bitcoin Price: 59325.93
Bitcoin Price: 59328.90
Bitcoin Price: 59309.01
Bitcoin Price: 59193.38
Bitcoin Price: 59193.38
Bitcoin Price: 59022.90
Bitcoin Price: 58911.22
Bitcoin Price: 58928.71
Bitcoin Price: 58906.21
Bitcoin Price: 58934.01
Bitcoin Price: 58926.95
Bitcoin Price: 59044.80
Bitcoin Price: 58939.22
Bitcoin Price: 58983.27
Bitcoin Price: 58951.48
Bitcoin Price: 58951.48
Bitcoin Price: 59044.55
Bitcoin Price: 59035.85
Bitcoin Price: 59116.94
Bitcoin Price: 59116.94
Bitcoin Price: 59178.48
Bitcoin Price: 59178.48
Bitcoin Price: 59197.30
Bitcoin Price: 59139.14
Bitcoin Price: 59101.42
Bitcoin Price: 59103.15
Bitcoin Price: 59138.16
Bitcoin Price: 59129.48
Bitcoin Price: 59195.99
Bitcoin Price: 59316.87
Bitcoin Price: 59316.87
Bitcoin Price: 59274.12
Bitcoin Price: 59169.19
Bitcoin Price: 59150.22
Bitcoin Price: 59179.59
Bitcoin Price: 59179.59
Bitcoin Price: 59153.40
Bitcoin Price: 59153.40
Bitcoin Price: 59086.32
Bitcoin Price: 59052.17
Bitcoin Price: 59095.63
Bitcoin Price: 59095.63
Bitcoin Price: 59653.05
Bitcoin Price: 60227.96
Bitcoin Price: 60227.96
Bitcoin Price: 60345.76
Bitcoin Price: 60511.11
Bitcoin Price: 60622.50
Bitcoin Price: 60429.04
Bitcoin Price: 60429.04
Bitcoin Price: 60588.13
Bitcoin Price: 60645.47
Bitcoin Price: 60725.82
Bitcoin Price: 61007.25
Bitcoin Price: 60994.68
Bitcoin Price: 61012.22
Bitcoin Price: 61012.22
Bitcoin Price: 61155.81
Bitcoin Price: 61043.85
Bitcoin Price: 61087.03
Bitcoin Price: 60980.18
Bitcoin Price: 60980.18
Bitcoin Price: 61414.83
Bitcoin Price: 61586.95
Bitcoin Price: 61579.39
Bitcoin Price: 61556.91
Bitcoin Price: 61567.79
Bitcoin Price: 61680.01
Bitcoin Price: 61623.57
Bitcoin Price: 61581.25
Bitcoin Price: 61602.17
Bitcoin Price: 61772.75
Bitcoin Price: 62039.96
Bitcoin Price: 61755.18
Bitcoin Price: 61625.36
Bitcoin Price: 61612.25
Bitcoin Price: 61596.10
Bitcoin Price: 61565.54
Bitcoin Price: 61463.60
Bitcoin Price: 61679.81
Bitcoin Price: 61700.28
