Market Cap: <dd class="sc-f70bb44c-0 bCgkcs base-text">2.50%
<dd class="sc-f70bb44c-0 bCgkcs base-text">19,693,490 BTC
<dd class="sc-f70bb44c-0 bCgkcs base-text">19,693,490 BTC
<dd class="sc-f70bb44c-0 bCgkcs base-text">21,000,000 BTC
<dd class="sc-f70bb44c-0 bCgkcs base-text">$1,290,136,091,348
Market Cap: <dd class="sc-f70bb44c-0 bCgkcs base-text">2.50%
<dd class="sc-f70bb44c-0 bCgkcs base-text">19,693,490 BTC
<dd class="sc-f70bb44c-0 bCgkcs base-text">19,693,490 BTC
<dd class="sc-f70bb44c-0 bCgkcs base-text">21,000,000 BTC
<dd class="sc-f70bb44c-0 bCgkcs base-text">$1,290,136,091,348
Market Cap: <dd class="sc-f70bb44c-0 bCgkcs base-text">2.54%,<dd class="sc-f70bb44c-0 bCgkcs base-text">19,693,490 BTC,<dd class="sc-f70bb44c-0 bCgkcs base-text">19,693,490 BTC,<dd class="sc-f70bb44c-0 bCgkcs base-text">21,000,000 BTC,<dd class="sc-f70bb44c-0 bCgkcs base-text">$1,293,337,570,074
Market Cap: <dd class="sc-f70bb44c-0 bCgkcs base-text">2.55%
<dd class="sc-f70bb44c-0 bCgkcs base-text">19,693,490 BTC
<dd class="sc-f70bb44c-0 bCgkcs base-text">19,693,490 BTC
<dd class="sc-f70bb44c-0 bCgkcs base-text">21,000,000 BTC
<dd class="sc-f70bb44c-0 bCgkcs base-text">$1,302,839,262,940
Market Cap: class="sc-aef7b723-0 fKbUaI">
class="sc-aef7b723-0 fKbUaI">
class="sc-aef7b723-0 fKbUaI">
class="sc-aef7b723-0 fKbUaI">
class="sc-aef7b723-0 fKbUaI">
class="sc-aef7b723-0 fKbUaI">
class="sc-aef7b723-0 fKbUaI">
class="sc-aef7b723-0 fKbUaI">
class="sc-aef7b723-0 fKbUaI">
Market Cap: class="sc-4984dd93-0 sc-58c82cf9-1 heXOji">
class="sc-4984dd93-0 sc-58c82cf9-1 heXOji">
class="sc-4984dd93-0 sc-58c82cf9-1 heXOji">
class="sc-4984dd93-0 sc-58c82cf9-1 heXOji">
class="sc-4984dd93-0 sc-58c82cf9-1 heXOji">
class="sc-4984dd93-0 sc-58c82cf9-1 heXOji">
class="sc-4984dd93-0 sc-58c82cf9-1 heXOji">
Market Cap: <dd class="sc-f70bb44c-0 bCgkcs base-text">2.60%
<dd class="sc-f70bb44c-0 bCgkcs base-text">19,693,490 BTC
<dd class="sc-f70bb44c-0 bCgkcs base-text">19,693,490 BTC
<dd class="sc-f70bb44c-0 bCgkcs base-text">21,000,000 BTC
<dd class="sc-f70bb44c-0 bCgkcs base-text">$1,296,023,030,146
Market Cap: 
Market Cap: 
Market Cap: <dd class="sc-f70bb44c-0 bCgkcs base-text">2.60%
<dd class="sc-f70bb44c-0 bCgkcs base-text">19,693,490 BTC
<dd class="sc-f70bb44c-0 bCgkcs base-text">19,693,490 BTC
<dd class="sc-f70bb44c-0 bCgkcs base-text">21,000,000 BTC
<dd class="sc-f70bb44c-0 bCgkcs base-text">$1,296,023,030,146
Ratio: 2.62%
Circulating Supply: 19,693,490 BTC
Total Supply: 19,693,490 BTC
Max Supply: 21,000,000 BTC
Fully Diluted Market Cap: $1,292,872,225,980
Ratio: 2.62%
Circulating Supply: 19,693,490 BTC
Total Supply: 19,693,490 BTC
Max Supply: 21,000,000 BTC
Fully Diluted Market Cap: $1,292,872,225,980
